<?xml version="1.0" encoding="UTF-8"?><testsuite errors="0" failures="0" name="Login Acceso" skipped="0" tests="3" time="9.73" timestamp="2023-05-18 07:31:22"><testcase name="cuando se ingrese una username y un password valido, pagina de login debe cargar la tienda virtual"/><testcase name="cuando se ingrese un username y password inexistente, la pagina de login debe mostrar un error de validacion"/><testcase name="cuando no se ingrese ningun username o password se debe mostrar un mensaje de validacion"/></testsuite>